<?xml version="1.0" encoding="UTF-8"?>
<!-- Generated by org.testng.reporters.JUnitReportReporter -->
<testsuite skipped="0" hostname="acer" name="Udemy_Selenium.Udemy_Selenium.ExtentReportDemo" tests="1" failures="0" timestamp="30 Jul 2020 13:04:14 GMT" time="55.006" errors="0">
  <testcase name="ExtentRepo" time="55.006" classname="Udemy_Selenium.Udemy_Selenium.ExtentReportDemo"/>
</testsuite> <!-- Udemy_Selenium.Udemy_Selenium.ExtentReportDemo -->
